{
  "RSpec": {
    "coverage": {
      "/home/P-Stacey-A/code/labs/tic-tac-toe-rb-kwk-000/lib/tic_tac_toe.rb": [
        1,
        159,
        null,
        null,
        null,
        1,
        null,
        null,
        null,
        null,
        null,
        null,
        null,
        null,
        null,
        null,
        null,
        null,
        1,
        61,
        null,
        380,
        null,
        null,
        null,
        null,
        null,
        null,
        1,
        39,
        172,
        141,
        null,
        31,
        null,
        null,
        null,
        null,
        null,
        null,
        1,
        24,
        3,
        null,
        21,
        null,
        null,
        null,
        null,
        1,
        21,
        10,
        null,
        11,
        null,
        null,
        null,
        null,
        1,
        7,
        null,
        null,
        6,
        null,
        null,
        null,
        null,
        1,
        22,
        22,
        22,
        22,
        22,
        null,
        null,
        null,
        1,
        23,
        23,
        23,
        null,
        null,
        null,
        1,
        22,
        22,
        null,
        null,
        null,
        null,
        1,
        null,
        23,
        null,
        1,
        22,
        20,
        null,
        2,
        null,
        null,
        null,
        null,
        null,
        1,
        20,
        20,
        20,
        20,
        20,
        19,
        null,
        1,
        null,
        null,
        null,
        null,
        null,
        1,
        21,
        21,
        189,
        31,
        null,
        null,
        null,
        21,
        null,
        null,
        null,
        null,
        1,
        20,
        14,
        null,
        6,
        null,
        null,
        null,
        null,
        1,
        null,
        12,
        17,
        null,
        null,
        12,
        5,
        7,
        3,
        null,
        null
      ]
    },
    "timestamp": 1466613366
  }
}
